
**** Build of configuration Debug for project AUTOSAR_Prohect ****

"C:\\ti\\ccs1240\\ccs\\utils\\bin\\gmake" -k -j 12 all -O 
 
Building file: "../Os.c"
Invoking: Arm Compiler
"C:/ti/ccs1240/ccs/tools/compiler/ti-cgt-arm_20.2.7.LTS/bin/armcl" -mv7M4 --code_state=16 --float_support=FPv4SPD16 -me --include_path="D:/MT/My Courses/Advanced_Embedded_Diploma/ARM_Microcontrollers/Exercises/CCS/AUTOSAR_Project_WS/AUTOSAR_Prohect" --include_path="C:/ti/ccs1240/ccs/tools/compiler/ti-cgt-arm_20.2.7.LTS/include" --define=ccs="ccs" --define=PART_TM4C123GH6PM -g --gcc --diag_warning=225 --diag_wrap=off --display_error_number --abi=eabi --preproc_with_compile --preproc_dependency="Os.d_raw"  "../Os.c"
1 Assembly Error, No Assembly Warnings
 
>> Compilation failure
subdir_rules.mk:9: recipe for target 'Os.obj' failed
warning: "../Os.c", line 34: Assembly statement "CPSIE I" creates a label, which may not be what was intended. Use a colon after a label or a space before a non-label to silence the warning.
warning: "../Os.c", line 34: Assembly statement "CPSIE I" creates a label, which may not be what was intended. Use a colon after a label or a space before a non-label to silence the warning.
"C:\Users\LEGION\AppData\Local\Temp\{8EA1944A-CE81-4FCB-9B47-0548C9ACEEE6}", ERROR!   at line 160: [E0002] Illegal mnemonic specified
	CPSIE I
 
 
Errors in Source - Assembler Aborted
gmake: *** [Os.obj] Error 1
Building file: "../App.c"
Invoking: Arm Compiler
"C:/ti/ccs1240/ccs/tools/compiler/ti-cgt-arm_20.2.7.LTS/bin/armcl" -mv7M4 --code_state=16 --float_support=FPv4SPD16 -me --include_path="D:/MT/My Courses/Advanced_Embedded_Diploma/ARM_Microcontrollers/Exercises/CCS/AUTOSAR_Project_WS/AUTOSAR_Prohect" --include_path="C:/ti/ccs1240/ccs/tools/compiler/ti-cgt-arm_20.2.7.LTS/include" --define=ccs="ccs" --define=PART_TM4C123GH6PM -g --gcc --diag_warning=225 --diag_wrap=off --display_error_number --abi=eabi --preproc_with_compile --preproc_dependency="App.d_raw"  "../App.c"
Finished building: "../App.c"
 
gmake: Target 'all' not remade because of errors.

**** Build Finished ****
